<?xml version="1.0" encoding="UTF-8"?>
<testsuite xmlns:xsi="http://www.w3.org/2001/XMLSchema-instance" xsi:noNamespaceSchemaLocation="https://maven.apache.org/surefire/maven-surefire-plugin/xsd/surefire-test-report.xsd" name="BonusServiceTest" time="0.056" tests="10" errors="0" skipped="0" failures="0">
  <properties>
[...]
</properties>
  <testcase name="shouldCalculateRegisteredForBonus499" classname="BonusServiceTest" time="0.04"/>
  <testcase name="shouldCalculateRegisteredForBonus500" classname="BonusServiceTest" time="0"/>
  <testcase name="shouldCalculateRegisteredForBonus501" classname="BonusServiceTest" time="0"/>
  <testcase name="shouldCalculateRegisteredAndUnderLimit" classname="BonusServiceTest" time="0"/>
  <testcase name="shouldCalculateNoRegisteredForBonus499" classname="BonusServiceTest" time="0"/>
  <testcase name="shouldCalculateNoRegisteredForBonus500" classname="BonusServiceTest" time="0"/>
  <testcase name="shouldCalculateNoRegisteredForBonus501" classname="BonusServiceTest" time="0"/>
  <testcase name="shouldCalculateNoRegisteredAndOverLimit" classname="BonusServiceTest" time="0"/>
  <testcase name="shouldCalculateNoRegisteredAndUnderLimit" classname="BonusServiceTest" time="0.008"/>
  <testcase name="shouldCalculateRegisteredAndOverLimit" classname="BonusServiceTest" time="0"/>
</testsuite>